This file contains any messages produced by compilers while
running configure, to aid debugging if configure makes a mistake.

It was created by cudd configure 3.0.0, which was
generated by GNU Autoconf 2.71.  Invocation command line was

  $ ./configure --libdir=/Users/david/Downloads/artifacts/code/cudd-3.0.0/../lib --includedir=/Users/david/Downloads/artifacts/code/cudd-3.0.0/../include 'CFLAGS=-g -O2' CC=clang CXX=clang++ 'CXXFLAGS=-O2 -std=c++11 -stdlib=libc++ -g' --enable-shared --enable-obj --enable-dddmp --no-create --no-recursion

## --------- ##
## Platform. ##
## --------- ##

hostname = MBP-de-David.home
uname -m = x86_64
uname -r = 21.6.0
uname -s = Darwin
uname -v = Darwin Kernel Version 21.6.0: Wed Aug 10 14:25:27 PDT 2022; root:xnu-8020.141.5~2/RELEASE_X86_64

/usr/bin/uname -p = i386
/bin/uname -X     = unknown

/bin/arch              = unknown
/usr/bin/arch -k       = unknown
/usr/convex/getsysinfo = unknown
/usr/bin/hostinfo      = Mach kernel version:
	 Darwin Kernel Version 21.6.0: Wed Aug 10 14:25:27 PDT 2022; root:xnu-8020.141.5~2/RELEASE_X86_64
Kernel configured for up to 16 processors.
8 processors are physically available.
16 processors are logically available.
Processor type: x86_64h (Intel x86-64h Haswell)
Processors active: 0 1 2 3 4 5 6 7 8 9 10 11 12 13 14 15
Primary memory available: 32.00 gigabytes
Default processor set: 692 tasks, 2665 threads, 16 processors
Load average: 2.53, Mach factor: 13.46
/bin/machine           = unknown
/usr/bin/oslevel       = unknown
/bin/universe          = unknown

PATH: /Library/Frameworks/Python.framework/Versions/3.10/bin/
PATH: /opt/local/bin/
PATH: /opt/local/sbin/
PATH: /opt/local/libexec/gnubin/
PATH: /opt/local/libexec/qt5/bin/
PATH: /usr/local/texlive/2016/bin/x86_64-darwin/
PATH: /Applications/Utilities/XQuartz.app/Contents/MacOS/
PATH: /Users/david/bin/
PATH: /Users/david/product_lines/Implementacion/bdds/bin/
PATH: /Users/david/product_lines/Implementacion/myKconf/scripts/
PATH: /usr/local/bin/
PATH: /usr/bin/
PATH: /bin/
PATH: /usr/sbin/
PATH: /sbin/
PATH: /Library/TeX/texbin/
PATH: /opt/X11/bin/
PATH: /Library/Apple/usr/bin/


## ----------- ##
## Core tests. ##
## ----------- ##

configure:3078: looking for aux files: ltmain.sh ar-lib compile tap-driver.sh missing install-sh config.guess config.sub
configure:3091:  trying ./build-aux/
configure:3120:   ./build-aux/ltmain.sh found
configure:3120:   ./build-aux/ar-lib found
configure:3120:   ./build-aux/compile found
configure:3120:   ./build-aux/tap-driver.sh found
configure:3120:   ./build-aux/missing found
configure:3102:   ./build-aux/install-sh found
configure:3120:   ./build-aux/config.guess found
configure:3120:   ./build-aux/config.sub found
configure:3240: checking build system type
configure:3255: result: x86_64-apple-darwin21.6.0
configure:3275: checking host system type
configure:3289: result: x86_64-apple-darwin21.6.0
configure:3326: checking for a BSD-compatible install
configure:3399: result: /opt/local/bin/ginstall -c
configure:3410: checking whether build environment is sane
configure:3465: result: yes
configure:3624: checking for a race-free mkdir -p
configure:3668: result: /opt/local/bin/gmkdir -p
configure:3675: checking for gawk
configure:3710: result: no
configure:3675: checking for mawk
configure:3710: result: no
configure:3675: checking for nawk
configure:3710: result: no
configure:3675: checking for awk
configure:3696: found /usr/bin/awk
configure:3707: result: awk
configure:3718: checking whether make sets $(MAKE)
configure:3741: result: yes
configure:3771: checking whether make supports nested variables
configure:3789: result: yes
configure:4039: checking for gcc
configure:4071: result: clang
configure:4424: checking for C compiler version
configure:4433: clang --version >&5
Apple clang version 13.1.6 (clang-1316.0.21.2.5)
Target: x86_64-apple-darwin21.6.0
Thread model: posix
InstalledDir: /Applications/Xcode.app/Contents/Developer/Toolchains/XcodeDefault.xctoolchain/usr/bin
configure:4444: $? = 0
configure:4433: clang -v >&5
Apple clang version 13.1.6 (clang-1316.0.21.2.5)
Target: x86_64-apple-darwin21.6.0
Thread model: posix
InstalledDir: /Applications/Xcode.app/Contents/Developer/Toolchains/XcodeDefault.xctoolchain/usr/bin
configure:4444: $? = 0
configure:4433: clang -V >&5
clang: error: argument to '-V' is missing (expected 1 value)
clang: error: no input files
configure:4444: $? = 1
configure:4433: clang -qversion >&5
clang: error: unknown argument '-qversion'; did you mean '--version'?
clang: error: no input files
configure:4444: $? = 1
configure:4433: clang -version >&5
clang: error: unknown argument '-version'; did you mean '--version'?
clang: error: no input files
configure:4444: $? = 1
configure:4464: checking whether the C compiler works
configure:4486: clang -g -O2   conftest.c  >&5
configure:4490: $? = 0
configure:4540: result: yes
configure:4543: checking for C compiler default output file name
configure:4545: result: a.out
configure:4551: checking for suffix of executables
configure:4558: clang -o conftest -g -O2   conftest.c  >&5
configure:4562: $? = 0
configure:4585: result: 
configure:4607: checking whether we are cross compiling
configure:4615: clang -o conftest -g -O2   conftest.c  >&5
configure:4619: $? = 0
configure:4626: ./conftest
configure:4630: $? = 0
configure:4645: result: no
configure:4650: checking for suffix of object files
configure:4673: clang -c -g -O2  conftest.c >&5
configure:4677: $? = 0
configure:4699: result: o
configure:4703: checking whether the compiler supports GNU C
configure:4723: clang -c -g -O2  conftest.c >&5
configure:4723: $? = 0
configure:4733: result: yes
configure:4744: checking whether clang accepts -g
configure:4765: clang -c -g  conftest.c >&5
configure:4765: $? = 0
configure:4809: result: yes
configure:4829: checking for clang option to enable C11 features
configure:4844: clang  -c -g -O2  conftest.c >&5
configure:4844: $? = 0
configure:4862: result: none needed
configure:4978: checking whether clang understands -c and -o together
configure:5001: clang -c conftest.c -o conftest2.o
configure:5004: $? = 0
configure:5001: clang -c conftest.c -o conftest2.o
configure:5004: $? = 0
configure:5016: result: yes
configure:5036: checking whether make supports the include directive
configure:5051: make -f confmf.GNU && cat confinc.out
make[2]: Entering directory '/Users/david/Downloads/artifacts/code/cudd-3.0.0'
make[2]: Leaving directory '/Users/david/Downloads/artifacts/code/cudd-3.0.0'
this is the am__doit target
configure:5054: $? = 0
configure:5073: result: yes (GNU style)
configure:5099: checking dependency style of clang
configure:5211: result: gcc3
configure:5354: checking for C++ compiler version
configure:5363: clang++ --version >&5
Apple clang version 13.1.6 (clang-1316.0.21.2.5)
Target: x86_64-apple-darwin21.6.0
Thread model: posix
InstalledDir: /Applications/Xcode.app/Contents/Developer/Toolchains/XcodeDefault.xctoolchain/usr/bin
configure:5374: $? = 0
configure:5363: clang++ -v >&5
Apple clang version 13.1.6 (clang-1316.0.21.2.5)
Target: x86_64-apple-darwin21.6.0
Thread model: posix
InstalledDir: /Applications/Xcode.app/Contents/Developer/Toolchains/XcodeDefault.xctoolchain/usr/bin
configure:5374: $? = 0
configure:5363: clang++ -V >&5
clang: error: argument to '-V' is missing (expected 1 value)
clang: error: no input files
configure:5374: $? = 1
configure:5363: clang++ -qversion >&5
clang: error: unknown argument '-qversion'; did you mean '--version'?
clang: error: no input files
configure:5374: $? = 1
configure:5378: checking whether the compiler supports GNU C++
configure:5398: clang++ -c -O2 -std=c++11 -stdlib=libc++ -g  conftest.cpp >&5
configure:5398: $? = 0
configure:5408: result: yes
configure:5419: checking whether clang++ accepts -g
configure:5440: clang++ -c -g  conftest.cpp >&5
configure:5440: $? = 0
configure:5484: result: yes
configure:5504: checking for clang++ option to enable C++11 features
configure:5519: clang++  -c -O2 -std=c++11 -stdlib=libc++ -g  conftest.cpp >&5
conftest.cpp:177:25: warning: empty parentheses interpreted as a function declaration [-Wvexing-parse]
  cxx11test::delegate d2();
                        ^~
conftest.cpp:177:25: note: remove parentheses to declare a variable
  cxx11test::delegate d2();
                        ^~
1 warning generated.
configure:5519: $? = 0
configure:5537: result: none needed
configure:5603: checking dependency style of clang++
configure:5715: result: gcc3
configure:5786: checking for ar
configure:5807: found /usr/bin/ar
configure:5818: result: ar
configure:5844: checking the archiver (ar) interface
configure:5861: clang -c -g -O2  conftest.c >&5
configure:5861: $? = 0
configure:5864: ar cru libconftest.a conftest.o >&5
configure:5867: $? = 0
configure:5895: result: ar
configure:5963: checking how to print strings
configure:5990: result: printf
configure:6011: checking for a sed that does not truncate output
configure:6081: result: /usr/bin/sed
configure:6099: checking for grep that handles long lines and -e
configure:6163: result: /usr/bin/grep
configure:6168: checking for egrep
configure:6236: result: /usr/bin/grep -E
configure:6241: checking for fgrep
configure:6309: result: /usr/bin/grep -F
configure:6345: checking for ld used by clang
configure:6413: result: /Applications/Xcode.app/Contents/Developer/Toolchains/XcodeDefault.xctoolchain/usr/bin/ld
configure:6420: checking if the linker (/Applications/Xcode.app/Contents/Developer/Toolchains/XcodeDefault.xctoolchain/usr/bin/ld) is GNU ld
configure:6436: result: no
configure:6448: checking for BSD- or MS-compatible name lister (nm)
configure:6503: result: /usr/bin/nm -B
configure:6643: checking the name lister (/usr/bin/nm -B) interface
configure:6651: clang -c -g -O2  conftest.c >&5
configure:6654: /usr/bin/nm -B "conftest.o"
configure:6657: output
0000000000000258 S _some_variable
configure:6664: result: BSD nm
configure:6667: checking whether ln -s works
configure:6671: result: yes
configure:6679: checking the maximum length of command line arguments
configure:6811: result: 786432
configure:6859: checking how to convert x86_64-apple-darwin21.6.0 file names to x86_64-apple-darwin21.6.0 format
configure:6900: result: func_convert_file_noop
configure:6907: checking how to convert x86_64-apple-darwin21.6.0 file names to toolchain format
configure:6928: result: func_convert_file_noop
configure:6935: checking for /Applications/Xcode.app/Contents/Developer/Toolchains/XcodeDefault.xctoolchain/usr/bin/ld option to reload object files
configure:6943: result: -r
configure:7022: checking for objdump
configure:7043: found /usr/bin/objdump
configure:7054: result: objdump
configure:7083: checking how to recognize dependent libraries
configure:7284: result: pass_all
configure:7374: checking for dlltool
configure:7409: result: no
configure:7436: checking how to associate runtime and link libraries
configure:7464: result: printf %s\n
configure:7598: checking for archiver @FILE support
configure:7616: clang -c -g -O2  conftest.c >&5
configure:7616: $? = 0
configure:7620: ar cru libconftest.a @conftest.lst >&5
ar: @conftest.lst: No such file or directory
configure:7623: $? = 1
configure:7643: result: no
configure:7706: checking for strip
configure:7727: found /usr/bin/strip
configure:7738: result: strip
configure:7815: checking for ranlib
configure:7836: found /usr/bin/ranlib
configure:7847: result: ranlib
configure:7949: checking command to parse /usr/bin/nm -B output from clang object
configure:8103: clang -c -g -O2  conftest.c >&5
configure:8106: $? = 0
configure:8110: /usr/bin/nm -B conftest.o \| sed -n -e 's/^.*[ ]\([ABCDGIRSTW][ABCDGIRSTW]*\)[ ][ ]*\([_A-Za-z][_A-Za-z0-9]*\)$/\1 \2 \2/p' | sed '/ __gnu_lto/d' \> conftest.nm
configure:8113: $? = 0
cannot find nm_test_var in conftest.nm
configure:8103: clang -c -g -O2  conftest.c >&5
configure:8106: $? = 0
configure:8110: /usr/bin/nm -B conftest.o \| sed -n -e 's/^.*[ ]\([ABCDGIRSTW][ABCDGIRSTW]*\)[ ][ ]*_\([_A-Za-z][_A-Za-z0-9]*\)$/\1 _\2 \2/p' | sed '/ __gnu_lto/d' \> conftest.nm
configure:8113: $? = 0
configure:8179: clang -o conftest -g -O2   conftest.c conftstm.o >&5
warning: (x86_64)  could not find object file symbol for symbol _main
configure:8182: $? = 0
configure:8220: result: ok
configure:8267: checking for sysroot
configure:8298: result: no
configure:8305: checking for a working dd
configure:8349: result: /opt/local/libexec/gnubin/dd
configure:8353: checking how to truncate binary pipes
configure:8369: result: /opt/local/libexec/gnubin/dd bs=4096 count=1
configure:8706: checking for mt
configure:8741: result: no
configure:8761: checking if : is a manifest tool
configure:8768: : '-?'
configure:8776: result: no
configure:8837: checking for dsymutil
configure:8858: found /usr/bin/dsymutil
configure:8869: result: dsymutil
configure:8939: checking for nmedit
configure:8960: found /usr/bin/nmedit
configure:8971: result: nmedit
configure:9041: checking for lipo
configure:9062: found /usr/bin/lipo
configure:9073: result: lipo
configure:9143: checking for otool
configure:9164: found /usr/bin/otool
configure:9175: result: otool
configure:9245: checking for otool64
configure:9280: result: no
configure:9325: checking for -single_module linker flag
clang -g -O2  -o libconftest.dylib -dynamiclib -Wl,-single_module conftest.c
configure:9359: result: yes
configure:9362: checking for -exported_symbols_list linker flag
configure:9383: clang -o conftest -g -O2   -Wl,-exported_symbols_list,conftest.sym conftest.c  >&5
configure:9383: $? = 0
configure:9394: result: yes
configure:9397: checking for -force_load linker flag
clang -g -O2 -c -o conftest.o conftest.c
ar cru libconftest.a conftest.o
ranlib libconftest.a
clang -g -O2  -o conftest conftest.c -Wl,-force_load,./libconftest.a
configure:9430: result: yes
configure:9501: checking for stdio.h
configure:9501: clang -c -g -O2  conftest.c >&5
configure:9501: $? = 0
configure:9501: result: yes
configure:9501: checking for stdlib.h
configure:9501: clang -c -g -O2  conftest.c >&5
configure:9501: $? = 0
configure:9501: result: yes
configure:9501: checking for string.h
configure:9501: clang -c -g -O2  conftest.c >&5
configure:9501: $? = 0
configure:9501: result: yes
configure:9501: checking for inttypes.h
configure:9501: clang -c -g -O2  conftest.c >&5
configure:9501: $? = 0
configure:9501: result: yes
configure:9501: checking for stdint.h
configure:9501: clang -c -g -O2  conftest.c >&5
configure:9501: $? = 0
configure:9501: result: yes
configure:9501: checking for strings.h
configure:9501: clang -c -g -O2  conftest.c >&5
configure:9501: $? = 0
configure:9501: result: yes
configure:9501: checking for sys/stat.h
configure:9501: clang -c -g -O2  conftest.c >&5
configure:9501: $? = 0
configure:9501: result: yes
configure:9501: checking for sys/types.h
configure:9501: clang -c -g -O2  conftest.c >&5
configure:9501: $? = 0
configure:9501: result: yes
configure:9501: checking for unistd.h
configure:9501: clang -c -g -O2  conftest.c >&5
configure:9501: $? = 0
configure:9501: result: yes
configure:9526: checking for dlfcn.h
configure:9526: clang -c -g -O2  conftest.c >&5
configure:9526: $? = 0
configure:9526: result: yes
configure:10123: checking for objdir
configure:10139: result: .libs
configure:10403: checking if clang supports -fno-rtti -fno-exceptions
configure:10422: clang -c -g -O2  -fno-rtti -fno-exceptions conftest.c >&5
configure:10426: $? = 0
configure:10439: result: yes
configure:10797: checking for clang option to produce PIC
configure:10805: result: -fno-common -DPIC
configure:10813: checking if clang PIC flag -fno-common -DPIC works
configure:10832: clang -c -g -O2  -fno-common -DPIC -DPIC conftest.c >&5
configure:10836: $? = 0
configure:10849: result: yes
configure:10878: checking if clang static flag -static works
configure:10907: result: no
configure:10922: checking if clang supports -c -o file.o
configure:10944: clang -c -g -O2  -o out/conftest2.o conftest.c >&5
configure:10948: $? = 0
configure:10970: result: yes
configure:10978: checking if clang supports -c -o file.o
configure:11026: result: yes
configure:11059: checking whether the clang linker (/Applications/Xcode.app/Contents/Developer/Toolchains/XcodeDefault.xctoolchain/usr/bin/ld) supports shared libraries
configure:12325: result: yes
configure:12566: checking dynamic linker characteristics
configure:13387: result: darwin21.6.0 dyld
configure:13509: checking how to hardcode library paths into programs
configure:13534: result: immediate
configure:14086: checking whether stripping libraries is possible
configure:14100: result: yes
configure:14126: checking if libtool supports shared libraries
configure:14128: result: yes
configure:14131: checking whether to build shared libraries
configure:14156: result: yes
configure:14159: checking whether to build static libraries
configure:14163: result: yes
configure:14186: checking how to run the C++ preprocessor
configure:14208: clang++ -E  conftest.cpp
configure:14208: $? = 0
configure:14223: clang++ -E  conftest.cpp
conftest.cpp:23:10: fatal error: 'ac_nonexistent.h' file not found
#include <ac_nonexistent.h>
         ^~~~~~~~~~~~~~~~~~
1 error generated.
configure:14223: $? = 1
configure: failed program was:
| /* confdefs.h */
| #define PACKAGE_NAME "cudd"
| #define PACKAGE_TARNAME "cudd"
| #define PACKAGE_VERSION "3.0.0"
| #define PACKAGE_STRING "cudd 3.0.0"
| #define PACKAGE_BUGREPORT "Fabio@Colorado.EDU"
| #define PACKAGE_URL ""
| #define PACKAGE "cudd"
| #define VERSION "3.0.0"
| #define HAVE_STDIO_H 1
| #define HAVE_STDLIB_H 1
| #define HAVE_STRING_H 1
| #define HAVE_INTTYPES_H 1
| #define HAVE_STDINT_H 1
| #define HAVE_STRINGS_H 1
| #define HAVE_SYS_STAT_H 1
| #define HAVE_SYS_TYPES_H 1
| #define HAVE_UNISTD_H 1
| #define STDC_HEADERS 1
| #define HAVE_DLFCN_H 1
| #define LT_OBJDIR ".libs/"
| /* end confdefs.h.  */
| #include <ac_nonexistent.h>
configure:14250: result: clang++ -E
configure:14264: clang++ -E  conftest.cpp
configure:14264: $? = 0
configure:14279: clang++ -E  conftest.cpp
conftest.cpp:23:10: fatal error: 'ac_nonexistent.h' file not found
#include <ac_nonexistent.h>
         ^~~~~~~~~~~~~~~~~~
1 error generated.
configure:14279: $? = 1
configure: failed program was:
| /* confdefs.h */
| #define PACKAGE_NAME "cudd"
| #define PACKAGE_TARNAME "cudd"
| #define PACKAGE_VERSION "3.0.0"
| #define PACKAGE_STRING "cudd 3.0.0"
| #define PACKAGE_BUGREPORT "Fabio@Colorado.EDU"
| #define PACKAGE_URL ""
| #define PACKAGE "cudd"
| #define VERSION "3.0.0"
| #define HAVE_STDIO_H 1
| #define HAVE_STDLIB_H 1
| #define HAVE_STRING_H 1
| #define HAVE_INTTYPES_H 1
| #define HAVE_STDINT_H 1
| #define HAVE_STRINGS_H 1
| #define HAVE_SYS_STAT_H 1
| #define HAVE_SYS_TYPES_H 1
| #define HAVE_UNISTD_H 1
| #define STDC_HEADERS 1
| #define HAVE_DLFCN_H 1
| #define LT_OBJDIR ".libs/"
| /* end confdefs.h.  */
| #include <ac_nonexistent.h>
configure:14444: checking for ld used by clang++
configure:14512: result: /Applications/Xcode.app/Contents/Developer/Toolchains/XcodeDefault.xctoolchain/usr/bin/ld
configure:14519: checking if the linker (/Applications/Xcode.app/Contents/Developer/Toolchains/XcodeDefault.xctoolchain/usr/bin/ld) is GNU ld
configure:14535: result: no
configure:14590: checking whether the clang++ linker (/Applications/Xcode.app/Contents/Developer/Toolchains/XcodeDefault.xctoolchain/usr/bin/ld) supports shared libraries
configure:15667: result: yes
configure:15703: clang++ -c -O2 -std=c++11 -stdlib=libc++ -g  conftest.cpp >&5
configure:15706: $? = 0
configure:16187: checking for clang++ option to produce PIC
configure:16195: result: -fno-common -DPIC
configure:16203: checking if clang++ PIC flag -fno-common -DPIC works
configure:16222: clang++ -c -O2 -std=c++11 -stdlib=libc++ -g  -fno-common -DPIC -DPIC conftest.cpp >&5
configure:16226: $? = 0
configure:16239: result: yes
configure:16262: checking if clang++ static flag -static works
configure:16291: result: no
configure:16303: checking if clang++ supports -c -o file.o
configure:16325: clang++ -c -O2 -std=c++11 -stdlib=libc++ -g  -o out/conftest2.o conftest.cpp >&5
configure:16329: $? = 0
configure:16351: result: yes
configure:16356: checking if clang++ supports -c -o file.o
configure:16404: result: yes
configure:16434: checking whether the clang++ linker (/Applications/Xcode.app/Contents/Developer/Toolchains/XcodeDefault.xctoolchain/usr/bin/ld) supports shared libraries
configure:16474: result: yes
configure:16616: checking dynamic linker characteristics
configure:17364: result: darwin21.6.0 dyld
configure:17429: checking how to hardcode library paths into programs
configure:17454: result: immediate
configure:17521: checking whether byte ordering is bigendian
configure:17537: clang -c -g -O2  conftest.c >&5
configure:17537: $? = 0
configure:17583: clang -c -g -O2  conftest.c >&5
configure:17583: $? = 0
configure:17602: clang -c -g -O2  conftest.c >&5
conftest.c:30:4: error: use of undeclared identifier 'not'
                 not big endian
                 ^
1 error generated.
configure:17602: $? = 1
configure: failed program was:
| /* confdefs.h */
| #define PACKAGE_NAME "cudd"
| #define PACKAGE_TARNAME "cudd"
| #define PACKAGE_VERSION "3.0.0"
| #define PACKAGE_STRING "cudd 3.0.0"
| #define PACKAGE_BUGREPORT "Fabio@Colorado.EDU"
| #define PACKAGE_URL ""
| #define PACKAGE "cudd"
| #define VERSION "3.0.0"
| #define HAVE_STDIO_H 1
| #define HAVE_STDLIB_H 1
| #define HAVE_STRING_H 1
| #define HAVE_INTTYPES_H 1
| #define HAVE_STDINT_H 1
| #define HAVE_STRINGS_H 1
| #define HAVE_SYS_STAT_H 1
| #define HAVE_SYS_TYPES_H 1
| #define HAVE_UNISTD_H 1
| #define STDC_HEADERS 1
| #define HAVE_DLFCN_H 1
| #define LT_OBJDIR ".libs/"
| /* end confdefs.h.  */
| #include <sys/types.h>
| 		#include <sys/param.h>
| 
| int
| main (void)
| {
| #if BYTE_ORDER != BIG_ENDIAN
| 		 not big endian
| 		#endif
| 
|   ;
|   return 0;
| }
configure:17736: result: no
configure:17768: checking for doxygen
configure:17803: result: no
configure:17812: WARNING: Doxygen not found - continuing without Doxygen support
configure:17832: checking for pdflatex
configure:17853: found /Library/TeX/texbin/pdflatex
configure:17864: result: pdflatex
configure:17883: checking for makeindex
configure:17904: found /Library/TeX/texbin/makeindex
configure:17915: result: makeindex
configure:17945: checking for library containing pow
configure:17975: clang -o conftest -g -O2   conftest.c  >&5
conftest.c:27:6: warning: incompatible redeclaration of library function 'pow' [-Wincompatible-library-redeclaration]
char pow ();
     ^
conftest.c:27:6: note: 'pow' is a builtin with type 'double (double, double)'
1 warning generated.
configure:17975: $? = 0
configure:17995: result: none required
configure:18004: checking for pthread_create in -lpthread
configure:18027: clang -o conftest -g -O2   conftest.c -lpthread   >&5
configure:18027: $? = 0
configure:18037: result: yes
configure:18055: checking for library containing WSAStartup
configure:18085: clang -o conftest -g -O2   conftest.c  >&5
Undefined symbols for architecture x86_64:
  "_WSAStartup", referenced from:
      _main in conftest-c85438.o
ld: symbol(s) not found for architecture x86_64
clang: error: linker command failed with exit code 1 (use -v to see invocation)
configure:18085: $? = 1
configure: failed program was:
| /* confdefs.h */
| #define PACKAGE_NAME "cudd"
| #define PACKAGE_TARNAME "cudd"
| #define PACKAGE_VERSION "3.0.0"
| #define PACKAGE_STRING "cudd 3.0.0"
| #define PACKAGE_BUGREPORT "Fabio@Colorado.EDU"
| #define PACKAGE_URL ""
| #define PACKAGE "cudd"
| #define VERSION "3.0.0"
| #define HAVE_STDIO_H 1
| #define HAVE_STDLIB_H 1
| #define HAVE_STRING_H 1
| #define HAVE_INTTYPES_H 1
| #define HAVE_STDINT_H 1
| #define HAVE_STRINGS_H 1
| #define HAVE_SYS_STAT_H 1
| #define HAVE_SYS_TYPES_H 1
| #define HAVE_UNISTD_H 1
| #define STDC_HEADERS 1
| #define HAVE_DLFCN_H 1
| #define LT_OBJDIR ".libs/"
| /* end confdefs.h.  */
| 
| /* Override any GCC internal prototype to avoid an error.
|    Use char because int might match the return type of a GCC
|    builtin and then its argument prototype would still apply.  */
| char WSAStartup ();
| int
| main (void)
| {
| return WSAStartup ();
|   ;
|   return 0;
| }
configure:18085: clang -o conftest -g -O2   conftest.c -lws2_32   >&5
ld: library not found for -lws2_32
clang: error: linker command failed with exit code 1 (use -v to see invocation)
configure:18085: $? = 1
configure: failed program was:
| /* confdefs.h */
| #define PACKAGE_NAME "cudd"
| #define PACKAGE_TARNAME "cudd"
| #define PACKAGE_VERSION "3.0.0"
| #define PACKAGE_STRING "cudd 3.0.0"
| #define PACKAGE_BUGREPORT "Fabio@Colorado.EDU"
| #define PACKAGE_URL ""
| #define PACKAGE "cudd"
| #define VERSION "3.0.0"
| #define HAVE_STDIO_H 1
| #define HAVE_STDLIB_H 1
| #define HAVE_STRING_H 1
| #define HAVE_INTTYPES_H 1
| #define HAVE_STDINT_H 1
| #define HAVE_STRINGS_H 1
| #define HAVE_SYS_STAT_H 1
| #define HAVE_SYS_TYPES_H 1
| #define HAVE_UNISTD_H 1
| #define STDC_HEADERS 1
| #define HAVE_DLFCN_H 1
| #define LT_OBJDIR ".libs/"
| /* end confdefs.h.  */
| 
| /* Override any GCC internal prototype to avoid an error.
|    Use char because int might match the return type of a GCC
|    builtin and then its argument prototype would still apply.  */
| char WSAStartup ();
| int
| main (void)
| {
| return WSAStartup ();
|   ;
|   return 0;
| }
configure:18105: result: no
configure:18114: checking for library containing GetProcessMemoryInfo
configure:18144: clang -o conftest -g -O2   conftest.c  >&5
Undefined symbols for architecture x86_64:
  "_GetProcessMemoryInfo", referenced from:
      _main in conftest-0e5fe7.o
ld: symbol(s) not found for architecture x86_64
clang: error: linker command failed with exit code 1 (use -v to see invocation)
configure:18144: $? = 1
configure: failed program was:
| /* confdefs.h */
| #define PACKAGE_NAME "cudd"
| #define PACKAGE_TARNAME "cudd"
| #define PACKAGE_VERSION "3.0.0"
| #define PACKAGE_STRING "cudd 3.0.0"
| #define PACKAGE_BUGREPORT "Fabio@Colorado.EDU"
| #define PACKAGE_URL ""
| #define PACKAGE "cudd"
| #define VERSION "3.0.0"
| #define HAVE_STDIO_H 1
| #define HAVE_STDLIB_H 1
| #define HAVE_STRING_H 1
| #define HAVE_INTTYPES_H 1
| #define HAVE_STDINT_H 1
| #define HAVE_STRINGS_H 1
| #define HAVE_SYS_STAT_H 1
| #define HAVE_SYS_TYPES_H 1
| #define HAVE_UNISTD_H 1
| #define STDC_HEADERS 1
| #define HAVE_DLFCN_H 1
| #define LT_OBJDIR ".libs/"
| /* end confdefs.h.  */
| 
| /* Override any GCC internal prototype to avoid an error.
|    Use char because int might match the return type of a GCC
|    builtin and then its argument prototype would still apply.  */
| char GetProcessMemoryInfo ();
| int
| main (void)
| {
| return GetProcessMemoryInfo ();
|   ;
|   return 0;
| }
configure:18144: clang -o conftest -g -O2   conftest.c -lpsapi   >&5
ld: library not found for -lpsapi
clang: error: linker command failed with exit code 1 (use -v to see invocation)
configure:18144: $? = 1
configure: failed program was:
| /* confdefs.h */
| #define PACKAGE_NAME "cudd"
| #define PACKAGE_TARNAME "cudd"
| #define PACKAGE_VERSION "3.0.0"
| #define PACKAGE_STRING "cudd 3.0.0"
| #define PACKAGE_BUGREPORT "Fabio@Colorado.EDU"
| #define PACKAGE_URL ""
| #define PACKAGE "cudd"
| #define VERSION "3.0.0"
| #define HAVE_STDIO_H 1
| #define HAVE_STDLIB_H 1
| #define HAVE_STRING_H 1
| #define HAVE_INTTYPES_H 1
| #define HAVE_STDINT_H 1
| #define HAVE_STRINGS_H 1
| #define HAVE_SYS_STAT_H 1
| #define HAVE_SYS_TYPES_H 1
| #define HAVE_UNISTD_H 1
| #define STDC_HEADERS 1
| #define HAVE_DLFCN_H 1
| #define LT_OBJDIR ".libs/"
| /* end confdefs.h.  */
| 
| /* Override any GCC internal prototype to avoid an error.
|    Use char because int might match the return type of a GCC
|    builtin and then its argument prototype would still apply.  */
| char GetProcessMemoryInfo ();
| int
| main (void)
| {
| return GetProcessMemoryInfo ();
|   ;
|   return 0;
| }
configure:18164: result: no
configure:18179: checking for float.h
configure:18179: clang -c -g -O2  conftest.c >&5
configure:18179: $? = 0
configure:18179: result: yes
configure:18179: checking for inttypes.h
configure:18179: result: yes
configure:18179: checking for limits.h
configure:18179: clang -c -g -O2  conftest.c >&5
configure:18179: $? = 0
configure:18179: result: yes
configure:18179: checking for stddef.h
configure:18179: clang -c -g -O2  conftest.c >&5
configure:18179: $? = 0
configure:18179: result: yes
configure:18179: checking for stdlib.h
configure:18179: result: yes
configure:18179: checking for string.h
configure:18179: result: yes
configure:18179: checking for assert.h
configure:18179: clang -c -g -O2  conftest.c >&5
configure:18179: $? = 0
configure:18179: result: yes
configure:18179: checking for math.h
configure:18179: clang -c -g -O2  conftest.c >&5
configure:18179: $? = 0
configure:18179: result: yes
configure:18195: checking for unistd.h
configure:18195: result: yes
configure:18201: checking for sys/time.h
configure:18201: clang -c -g -O2  conftest.c >&5
configure:18201: $? = 0
configure:18201: result: yes
configure:18207: checking for sys/times.h
configure:18207: clang -c -g -O2  conftest.c >&5
configure:18207: $? = 0
configure:18207: result: yes
configure:18213: checking for sys/resource.h
configure:18213: clang -c -g -O2  conftest.c >&5
configure:18213: $? = 0
configure:18213: result: yes
configure:18219: checking for sys/wait.h
configure:18219: clang -c -g -O2  conftest.c >&5
configure:18219: $? = 0
configure:18219: result: yes
configure:18227: checking for working C++ thread header
configure:18246: clang++ -c -O2 -std=c++11 -stdlib=libc++ -g  conftest.cpp >&5
configure:18246: $? = 0
configure:18260: result: yes
configure:18271: checking for _Bool
configure:18271: clang -c -g -O2  conftest.c >&5
configure:18271: $? = 0
configure:18271: clang -c -g -O2  conftest.c >&5
conftest.c:68:20: error: expected expression
if (sizeof ((_Bool)))
                   ^
1 error generated.
configure:18271: $? = 1
configure: failed program was:
| /* confdefs.h */
| #define PACKAGE_NAME "cudd"
| #define PACKAGE_TARNAME "cudd"
| #define PACKAGE_VERSION "3.0.0"
| #define PACKAGE_STRING "cudd 3.0.0"
| #define PACKAGE_BUGREPORT "Fabio@Colorado.EDU"
| #define PACKAGE_URL ""
| #define PACKAGE "cudd"
| #define VERSION "3.0.0"
| #define HAVE_STDIO_H 1
| #define HAVE_STDLIB_H 1
| #define HAVE_STRING_H 1
| #define HAVE_INTTYPES_H 1
| #define HAVE_STDINT_H 1
| #define HAVE_STRINGS_H 1
| #define HAVE_SYS_STAT_H 1
| #define HAVE_SYS_TYPES_H 1
| #define HAVE_UNISTD_H 1
| #define STDC_HEADERS 1
| #define HAVE_DLFCN_H 1
| #define LT_OBJDIR ".libs/"
| #define HAVE_FLOAT_H 1
| #define HAVE_INTTYPES_H 1
| #define HAVE_LIMITS_H 1
| #define HAVE_STDDEF_H 1
| #define HAVE_STDLIB_H 1
| #define HAVE_STRING_H 1
| #define HAVE_ASSERT_H 1
| #define HAVE_MATH_H 1
| #define HAVE_UNISTD_H 1
| #define HAVE_SYS_TIME_H 1
| #define HAVE_SYS_TIMES_H 1
| #define HAVE_SYS_RESOURCE_H 1
| #define HAVE_SYS_WAIT_H 1
| #define HAVE_WORKING_THREAD 1
| /* end confdefs.h.  */
| #include <stddef.h>
| #ifdef HAVE_STDIO_H
| # include <stdio.h>
| #endif
| #ifdef HAVE_STDLIB_H
| # include <stdlib.h>
| #endif
| #ifdef HAVE_STRING_H
| # include <string.h>
| #endif
| #ifdef HAVE_INTTYPES_H
| # include <inttypes.h>
| #endif
| #ifdef HAVE_STDINT_H
| # include <stdint.h>
| #endif
| #ifdef HAVE_STRINGS_H
| # include <strings.h>
| #endif
| #ifdef HAVE_SYS_TYPES_H
| # include <sys/types.h>
| #endif
| #ifdef HAVE_SYS_STAT_H
| # include <sys/stat.h>
| #endif
| #ifdef HAVE_UNISTD_H
| # include <unistd.h>
| #endif
| int
| main (void)
| {
| if (sizeof ((_Bool)))
| 	    return 0;
|   ;
|   return 0;
| }
configure:18271: result: yes
configure:18280: checking for stdbool.h that conforms to C99
configure:18396: clang -c -g -O2  conftest.c >&5
conftest.c:123:25: warning: address of 's' will always evaluate to 'true' [-Wpointer-bool-conversion]
             bool ps = &s;
                  ~~    ^
conftest.c:128:28: warning: address of 't' will always evaluate to 'true' [-Wpointer-bool-conversion]
               _Bool pt = &t;
                     ~~    ^
conftest.c:138:55: warning: address of array 'y' will always evaluate to 'true' [-Wpointer-bool-conversion]
                                                     ~^
conftest.c:138:50: warning: address of array 'x' will always evaluate to 'true' [-Wpointer-bool-conversion]
                                                ~^
conftest.c:138:45: warning: address of array 'w' will always evaluate to 'true' [-Wpointer-bool-conversion]
                                           ~^
conftest.c:138:40: warning: address of array 'v' will always evaluate to 'true' [-Wpointer-bool-conversion]
                                      ~^
conftest.c:138:35: warning: address of array 'u' will always evaluate to 'true' [-Wpointer-bool-conversion]
                                 ~^
conftest.c:138:30: warning: address of array 'r' will always evaluate to 'true' [-Wpointer-bool-conversion]
                            ~^
conftest.c:138:25: warning: address of array 'q' will always evaluate to 'true' [-Wpointer-bool-conversion]
                       ~^
conftest.c:136:40: warning: address of array 'o' will always evaluate to 'true' [-Wpointer-bool-conversion]
                                      ~^
conftest.c:136:35: warning: address of array 'n' will always evaluate to 'true' [-Wpointer-bool-conversion]
                                 ~^
conftest.c:136:30: warning: address of array 'm' will always evaluate to 'true' [-Wpointer-bool-conversion]
                            ~^
conftest.c:136:25: warning: address of array 'l' will always evaluate to 'true' [-Wpointer-bool-conversion]
                       ~^
conftest.c:135:73: warning: address of array 'k' will always evaluate to 'true' [-Wpointer-bool-conversion]
             return (!a + !b + !c + !d + !e + !f + !g + !h + !i + !j + !k
                                                                       ~^
conftest.c:135:68: warning: address of array 'j' will always evaluate to 'true' [-Wpointer-bool-conversion]
             return (!a + !b + !c + !d + !e + !f + !g + !h + !i + !j + !k
                                                                  ~^
conftest.c:135:63: warning: address of array 'i' will always evaluate to 'true' [-Wpointer-bool-conversion]
             return (!a + !b + !c + !d + !e + !f + !g + !h + !i + !j + !k
                                                             ~^
conftest.c:135:38: warning: address of array 'd' will always evaluate to 'true' [-Wpointer-bool-conversion]
             return (!a + !b + !c + !d + !e + !f + !g + !h + !i + !j + !k
                                    ~^
conftest.c:135:33: warning: address of array 'c' will always evaluate to 'true' [-Wpointer-bool-conversion]
             return (!a + !b + !c + !d + !e + !f + !g + !h + !i + !j + !k
                               ~^
conftest.c:135:28: warning: address of array 'b' will always evaluate to 'true' [-Wpointer-bool-conversion]
             return (!a + !b + !c + !d + !e + !f + !g + !h + !i + !j + !k
                          ~^
conftest.c:135:23: warning: address of array 'a' will always evaluate to 'true' [-Wpointer-bool-conversion]
             return (!a + !b + !c + !d + !e + !f + !g + !h + !i + !j + !k
                     ~^
20 warnings generated.
configure:18396: $? = 0
configure:18404: result: yes
configure:18407: checking for inline
configure:18424: clang -c -g -O2  conftest.c >&5
configure:18424: $? = 0
configure:18433: result: inline
configure:18451: checking for size_t
configure:18451: clang -c -g -O2  conftest.c >&5
configure:18451: $? = 0
configure:18451: clang -c -g -O2  conftest.c >&5
conftest.c:69:21: error: expected expression
if (sizeof ((size_t)))
                    ^
1 error generated.
configure:18451: $? = 1
configure: failed program was:
| /* confdefs.h */
| #define PACKAGE_NAME "cudd"
| #define PACKAGE_TARNAME "cudd"
| #define PACKAGE_VERSION "3.0.0"
| #define PACKAGE_STRING "cudd 3.0.0"
| #define PACKAGE_BUGREPORT "Fabio@Colorado.EDU"
| #define PACKAGE_URL ""
| #define PACKAGE "cudd"
| #define VERSION "3.0.0"
| #define HAVE_STDIO_H 1
| #define HAVE_STDLIB_H 1
| #define HAVE_STRING_H 1
| #define HAVE_INTTYPES_H 1
| #define HAVE_STDINT_H 1
| #define HAVE_STRINGS_H 1
| #define HAVE_SYS_STAT_H 1
| #define HAVE_SYS_TYPES_H 1
| #define HAVE_UNISTD_H 1
| #define STDC_HEADERS 1
| #define HAVE_DLFCN_H 1
| #define LT_OBJDIR ".libs/"
| #define HAVE_FLOAT_H 1
| #define HAVE_INTTYPES_H 1
| #define HAVE_LIMITS_H 1
| #define HAVE_STDDEF_H 1
| #define HAVE_STDLIB_H 1
| #define HAVE_STRING_H 1
| #define HAVE_ASSERT_H 1
| #define HAVE_MATH_H 1
| #define HAVE_UNISTD_H 1
| #define HAVE_SYS_TIME_H 1
| #define HAVE_SYS_TIMES_H 1
| #define HAVE_SYS_RESOURCE_H 1
| #define HAVE_SYS_WAIT_H 1
| #define HAVE_WORKING_THREAD 1
| #define HAVE__BOOL 1
| /* end confdefs.h.  */
| #include <stddef.h>
| #ifdef HAVE_STDIO_H
| # include <stdio.h>
| #endif
| #ifdef HAVE_STDLIB_H
| # include <stdlib.h>
| #endif
| #ifdef HAVE_STRING_H
| # include <string.h>
| #endif
| #ifdef HAVE_INTTYPES_H
| # include <inttypes.h>
| #endif
| #ifdef HAVE_STDINT_H
| # include <stdint.h>
| #endif
| #ifdef HAVE_STRINGS_H
| # include <strings.h>
| #endif
| #ifdef HAVE_SYS_TYPES_H
| # include <sys/types.h>
| #endif
| #ifdef HAVE_SYS_STAT_H
| # include <sys/stat.h>
| #endif
| #ifdef HAVE_UNISTD_H
| # include <unistd.h>
| #endif
| int
| main (void)
| {
| if (sizeof ((size_t)))
| 	    return 0;
|   ;
|   return 0;
| }
configure:18451: result: yes
configure:18461: checking for uint16_t
configure:18461: clang -c -g -O2  conftest.c >&5
configure:18461: $? = 0
configure:18461: result: yes
configure:18471: checking for uint32_t
configure:18471: clang -c -g -O2  conftest.c >&5
configure:18471: $? = 0
configure:18471: result: yes
configure:18483: checking for ptrdiff_t
configure:18483: clang -c -g -O2  conftest.c >&5
configure:18483: $? = 0
configure:18483: clang -c -g -O2  conftest.c >&5
conftest.c:69:24: error: expected expression
if (sizeof ((ptrdiff_t)))
                       ^
1 error generated.
configure:18483: $? = 1
configure: failed program was:
| /* confdefs.h */
| #define PACKAGE_NAME "cudd"
| #define PACKAGE_TARNAME "cudd"
| #define PACKAGE_VERSION "3.0.0"
| #define PACKAGE_STRING "cudd 3.0.0"
| #define PACKAGE_BUGREPORT "Fabio@Colorado.EDU"
| #define PACKAGE_URL ""
| #define PACKAGE "cudd"
| #define VERSION "3.0.0"
| #define HAVE_STDIO_H 1
| #define HAVE_STDLIB_H 1
| #define HAVE_STRING_H 1
| #define HAVE_INTTYPES_H 1
| #define HAVE_STDINT_H 1
| #define HAVE_STRINGS_H 1
| #define HAVE_SYS_STAT_H 1
| #define HAVE_SYS_TYPES_H 1
| #define HAVE_UNISTD_H 1
| #define STDC_HEADERS 1
| #define HAVE_DLFCN_H 1
| #define LT_OBJDIR ".libs/"
| #define HAVE_FLOAT_H 1
| #define HAVE_INTTYPES_H 1
| #define HAVE_LIMITS_H 1
| #define HAVE_STDDEF_H 1
| #define HAVE_STDLIB_H 1
| #define HAVE_STRING_H 1
| #define HAVE_ASSERT_H 1
| #define HAVE_MATH_H 1
| #define HAVE_UNISTD_H 1
| #define HAVE_SYS_TIME_H 1
| #define HAVE_SYS_TIMES_H 1
| #define HAVE_SYS_RESOURCE_H 1
| #define HAVE_SYS_WAIT_H 1
| #define HAVE_WORKING_THREAD 1
| #define HAVE__BOOL 1
| /* end confdefs.h.  */
| #include <stddef.h>
| #ifdef HAVE_STDIO_H
| # include <stdio.h>
| #endif
| #ifdef HAVE_STDLIB_H
| # include <stdlib.h>
| #endif
| #ifdef HAVE_STRING_H
| # include <string.h>
| #endif
| #ifdef HAVE_INTTYPES_H
| # include <inttypes.h>
| #endif
| #ifdef HAVE_STDINT_H
| # include <stdint.h>
| #endif
| #ifdef HAVE_STRINGS_H
| # include <strings.h>
| #endif
| #ifdef HAVE_SYS_TYPES_H
| # include <sys/types.h>
| #endif
| #ifdef HAVE_SYS_STAT_H
| # include <sys/stat.h>
| #endif
| #ifdef HAVE_UNISTD_H
| # include <unistd.h>
| #endif
| int
| main (void)
| {
| if (sizeof ((ptrdiff_t)))
| 	    return 0;
|   ;
|   return 0;
| }
configure:18483: result: yes
configure:18496: checking size of int
configure:18502: clang -o conftest -g -O2   conftest.c  >&5
configure:18502: $? = 0
configure:18502: ./conftest
configure:18502: $? = 0
configure:18517: result: 4
configure:18529: checking size of long
configure:18535: clang -o conftest -g -O2   conftest.c  >&5
configure:18535: $? = 0
configure:18535: ./conftest
configure:18535: $? = 0
configure:18550: result: 8
configure:18562: checking size of void *
configure:18568: clang -o conftest -g -O2   conftest.c  >&5
configure:18568: $? = 0
configure:18568: ./conftest
configure:18568: $? = 0
configure:18583: result: 8
configure:18595: checking size of long double
configure:18601: clang -o conftest -g -O2   conftest.c  >&5
configure:18601: $? = 0
configure:18601: ./conftest
configure:18601: $? = 0
configure:18616: result: 16
configure:18624: checking whether we are building for a Win32 host
configure:18637: clang -c -g -O2  conftest.c >&5
configure:18637: $? = 0
configure:18645: result: no
configure:18660: checking whether enough of C++11 is supported
configure:18680: clang++ -c -O2 -std=c++11 -stdlib=libc++ -g  conftest.cpp >&5
configure:18680: $? = 0
configure:18694: result: yes
configure:18708: checking for pow
configure:18708: clang -o conftest -g -O2   conftest.c  >&5
conftest.c:60:6: warning: incompatible redeclaration of library function 'pow' [-Wincompatible-library-redeclaration]
char pow ();
     ^
conftest.c:60:6: note: 'pow' is a builtin with type 'double (double, double)'
1 warning generated.
configure:18708: $? = 0
configure:18708: result: yes
configure:18708: checking for sqrt
configure:18708: clang -o conftest -g -O2   conftest.c  >&5
conftest.c:61:6: warning: incompatible redeclaration of library function 'sqrt' [-Wincompatible-library-redeclaration]
char sqrt ();
     ^
conftest.c:61:6: note: 'sqrt' is a builtin with type 'double (double)'
1 warning generated.
configure:18708: $? = 0
configure:18708: result: yes
configure:18708: checking for strchr
configure:18708: clang -o conftest -g -O2   conftest.c  >&5
conftest.c:62:6: warning: incompatible redeclaration of library function 'strchr' [-Wincompatible-library-redeclaration]
char strchr ();
     ^
conftest.c:62:6: note: 'strchr' is a builtin with type 'char *(const char *, int)'
1 warning generated.
configure:18708: $? = 0
configure:18708: result: yes
configure:18708: checking for strstr
configure:18708: clang -o conftest -g -O2   conftest.c  >&5
conftest.c:63:6: warning: incompatible redeclaration of library function 'strstr' [-Wincompatible-library-redeclaration]
char strstr ();
     ^
conftest.c:63:6: note: 'strstr' is a builtin with type 'char *(const char *, const char *)'
1 warning generated.
configure:18708: $? = 0
configure:18708: result: yes
configure:18724: checking for powl
configure:18724: clang -o conftest -g -O2   conftest.c  >&5
conftest.c:64:6: warning: incompatible redeclaration of library function 'powl' [-Wincompatible-library-redeclaration]
char powl ();
     ^
conftest.c:64:6: note: 'powl' is a builtin with type 'long double (long double, long double)'
1 warning generated.
configure:18724: $? = 0
configure:18724: result: yes
configure:18730: checking for gethostname
configure:18730: clang -o conftest -g -O2   conftest.c  >&5
configure:18730: $? = 0
configure:18730: result: yes
configure:18736: checking for getrlimit
configure:18736: clang -o conftest -g -O2   conftest.c  >&5
configure:18736: $? = 0
configure:18736: result: yes
configure:18742: checking for getrusage
configure:18742: clang -o conftest -g -O2   conftest.c  >&5
configure:18742: $? = 0
configure:18742: result: yes
configure:18748: checking for sysconf
configure:18748: clang -o conftest -g -O2   conftest.c  >&5
configure:18748: $? = 0
configure:18748: result: yes
configure:18758: checking for +Infinity (IEEE 754 floating point)
configure:18779: clang -o conftest -g -O2   conftest.c  >&5
conftest.c:55:1: warning: type specifier missing, defaults to 'int' [-Wimplicit-int]
main(void)
^
1 warning generated.
configure:18779: $? = 0
configure:18779: ./conftest
configure:18779: $? = 0
configure:18812: result: yes
configure:18949: checking that generated files are newer than configure
configure:18955: result: done
configure:19011: creating ./config.status

## ---------------- ##
## Cache variables. ##
## ---------------- ##

ac_cv_build=x86_64-apple-darwin21.6.0
ac_cv_c_bigendian=no
ac_cv_c_compiler_gnu=yes
ac_cv_c_inline=inline
ac_cv_c_uint16_t=yes
ac_cv_c_uint32_t=yes
ac_cv_cxx_compiler_gnu=yes
ac_cv_env_CCC_set=
ac_cv_env_CCC_value=
ac_cv_env_CC_set=set
ac_cv_env_CC_value=clang
ac_cv_env_CFLAGS_set=set
ac_cv_env_CFLAGS_value='-g -O2'
ac_cv_env_CPPFLAGS_set=
ac_cv_env_CPPFLAGS_value=
ac_cv_env_CXXCPP_set=
ac_cv_env_CXXCPP_value=
ac_cv_env_CXXFLAGS_set=set
ac_cv_env_CXXFLAGS_value='-O2 -std=c++11 -stdlib=libc++ -g'
ac_cv_env_CXX_set=set
ac_cv_env_CXX_value=clang++
ac_cv_env_LDFLAGS_set=
ac_cv_env_LDFLAGS_value=
ac_cv_env_LIBS_set=
ac_cv_env_LIBS_value=
ac_cv_env_LT_SYS_LIBRARY_PATH_set=
ac_cv_env_LT_SYS_LIBRARY_PATH_value=
ac_cv_env_build_alias_set=
ac_cv_env_build_alias_value=
ac_cv_env_host_alias_set=
ac_cv_env_host_alias_value=
ac_cv_env_target_alias_set=
ac_cv_env_target_alias_value=
ac_cv_func_gethostname=yes
ac_cv_func_getrlimit=yes
ac_cv_func_getrusage=yes
ac_cv_func_pow=yes
ac_cv_func_powl=yes
ac_cv_func_sqrt=yes
ac_cv_func_strchr=yes
ac_cv_func_strstr=yes
ac_cv_func_sysconf=yes
ac_cv_have_ieee_754=yes
ac_cv_have_modern_cxx=yes
ac_cv_header_assert_h=yes
ac_cv_header_dlfcn_h=yes
ac_cv_header_float_h=yes
ac_cv_header_inttypes_h=yes
ac_cv_header_limits_h=yes
ac_cv_header_math_h=yes
ac_cv_header_stdbool_h=yes
ac_cv_header_stddef_h=yes
ac_cv_header_stdint_h=yes
ac_cv_header_stdio_h=yes
ac_cv_header_stdlib_h=yes
ac_cv_header_string_h=yes
ac_cv_header_strings_h=yes
ac_cv_header_sys_resource_h=yes
ac_cv_header_sys_stat_h=yes
ac_cv_header_sys_time_h=yes
ac_cv_header_sys_times_h=yes
ac_cv_header_sys_types_h=yes
ac_cv_header_sys_wait_h=yes
ac_cv_header_unistd_h=yes
ac_cv_host=x86_64-apple-darwin21.6.0
ac_cv_lib_pthread_pthread_create=yes
ac_cv_objext=o
ac_cv_path_EGREP='/usr/bin/grep -E'
ac_cv_path_FGREP='/usr/bin/grep -F'
ac_cv_path_GREP=/usr/bin/grep
ac_cv_path_SED=/usr/bin/sed
ac_cv_path_install='/opt/local/bin/ginstall -c'
ac_cv_path_lt_DD=/opt/local/libexec/gnubin/dd
ac_cv_path_mkdir=/opt/local/bin/gmkdir
ac_cv_prog_AWK=awk
ac_cv_prog_CXXCPP='clang++ -E'
ac_cv_prog_MAKEINDEX=makeindex
ac_cv_prog_PDFLATEX=pdflatex
ac_cv_prog_ac_ct_AR=ar
ac_cv_prog_ac_ct_CC=clang
ac_cv_prog_ac_ct_DSYMUTIL=dsymutil
ac_cv_prog_ac_ct_LIPO=lipo
ac_cv_prog_ac_ct_NMEDIT=nmedit
ac_cv_prog_ac_ct_OBJDUMP=objdump
ac_cv_prog_ac_ct_OTOOL=otool
ac_cv_prog_ac_ct_RANLIB=ranlib
ac_cv_prog_ac_ct_STRIP=strip
ac_cv_prog_cc_c11=
ac_cv_prog_cc_g=yes
ac_cv_prog_cc_stdc=
ac_cv_prog_cxx_11=no
ac_cv_prog_cxx_cxx11=
ac_cv_prog_cxx_g=yes
ac_cv_prog_cxx_stdcxx=
ac_cv_prog_make_make_set=yes
ac_cv_search_GetProcessMemoryInfo=no
ac_cv_search_WSAStartup=no
ac_cv_search_pow='none required'
ac_cv_sizeof_int=4
ac_cv_sizeof_long=8
ac_cv_sizeof_long_double=16
ac_cv_sizeof_void_p=8
ac_cv_type__Bool=yes
ac_cv_type_ptrdiff_t=yes
ac_cv_type_size_t=yes
am_cv_CC_dependencies_compiler_type=gcc3
am_cv_CXX_dependencies_compiler_type=gcc3
am_cv_ar_interface=ar
am_cv_make_support_nested_variables=yes
am_cv_prog_cc_c_o=yes
lt_cv_apple_cc_single_mod=yes
lt_cv_ar_at_file=no
lt_cv_deplibs_check_method=pass_all
lt_cv_file_magic_cmd='$MAGIC_CMD'
lt_cv_file_magic_test_file=
lt_cv_ld_exported_symbols_list=yes
lt_cv_ld_force_load=yes
lt_cv_ld_reload_flag=-r
lt_cv_nm_interface='BSD nm'
lt_cv_objdir=.libs
lt_cv_path_LD=/Applications/Xcode.app/Contents/Developer/Toolchains/XcodeDefault.xctoolchain/usr/bin/ld
lt_cv_path_LDCXX=/Applications/Xcode.app/Contents/Developer/Toolchains/XcodeDefault.xctoolchain/usr/bin/ld
lt_cv_path_NM='/usr/bin/nm -B'
lt_cv_path_mainfest_tool=no
lt_cv_prog_compiler_c_o=yes
lt_cv_prog_compiler_c_o_CXX=yes
lt_cv_prog_compiler_pic='-fno-common -DPIC'
lt_cv_prog_compiler_pic_CXX='-fno-common -DPIC'
lt_cv_prog_compiler_pic_works=yes
lt_cv_prog_compiler_pic_works_CXX=yes
lt_cv_prog_compiler_rtti_exceptions=yes
lt_cv_prog_compiler_static_works=no
lt_cv_prog_compiler_static_works_CXX=no
lt_cv_prog_gnu_ld=no
lt_cv_prog_gnu_ldcxx=no
lt_cv_sharedlib_from_linklib_cmd='printf %s\n'
lt_cv_sys_global_symbol_pipe='sed -n -e '\''s/^.*[	 ]\([ABCDGIRSTW][ABCDGIRSTW]*\)[	 ][	 ]*_\([_A-Za-z][_A-Za-z0-9]*\)$/\1 _\2 \2/p'\'' | sed '\''/ __gnu_lto/d'\'''
lt_cv_sys_global_symbol_to_c_name_address='sed -n -e '\''s/^: \(.*\) .*$/  {"\1", (void *) 0},/p'\'' -e '\''s/^[ABCDGIRSTW][ABCDGIRSTW]* .* \(.*\)$/  {"\1", (void *) \&\1},/p'\'''
lt_cv_sys_global_symbol_to_c_name_address_lib_prefix='sed -n -e '\''s/^: \(.*\) .*$/  {"\1", (void *) 0},/p'\'' -e '\''s/^[ABCDGIRSTW][ABCDGIRSTW]* .* \(lib.*\)$/  {"\1", (void *) \&\1},/p'\'' -e '\''s/^[ABCDGIRSTW][ABCDGIRSTW]* .* \(.*\)$/  {"lib\1", (void *) \&\1},/p'\'''
lt_cv_sys_global_symbol_to_cdecl='sed -n -e '\''s/^T .* \(.*\)$/extern int \1();/p'\'' -e '\''s/^[ABCDGIRSTW][ABCDGIRSTW]* .* \(.*\)$/extern char \1;/p'\'''
lt_cv_sys_global_symbol_to_import=
lt_cv_sys_max_cmd_len=786432
lt_cv_to_host_file_cmd=func_convert_file_noop
lt_cv_to_tool_file_cmd=func_convert_file_noop
lt_cv_truncate_bin='/opt/local/libexec/gnubin/dd bs=4096 count=1'
mingw_cv_win32_host=no

## ----------------- ##
## Output variables. ##
## ----------------- ##

ACLOCAL='${SHELL} '\''/Users/david/Downloads/artifacts/code/cudd-3.0.0/build-aux/missing'\'' aclocal-1.16'
AMDEPBACKSLASH='\'
AMDEP_FALSE='#'
AMDEP_TRUE=''
AMTAR='$${TAR-tar}'
AM_BACKSLASH='\'
AM_DEFAULT_V='$(AM_DEFAULT_VERBOSITY)'
AM_DEFAULT_VERBOSITY='1'
AM_V='$(V)'
AR='ar'
AS='as'
AUTOCONF='${SHELL} '\''/Users/david/Downloads/artifacts/code/cudd-3.0.0/build-aux/missing'\'' autoconf'
AUTOHEADER='${SHELL} '\''/Users/david/Downloads/artifacts/code/cudd-3.0.0/build-aux/missing'\'' autoheader'
AUTOMAKE='${SHELL} '\''/Users/david/Downloads/artifacts/code/cudd-3.0.0/build-aux/missing'\'' automake-1.16'
AWK='awk'
CC='clang'
CCDEPMODE='depmode=gcc3'
CFLAGS='-g -O2'
CPPFLAGS=''
CROSS_COMPILING_FALSE=''
CROSS_COMPILING_TRUE='#'
CSCOPE='cscope'
CTAGS='ctags'
CXX='clang++'
CXXCPP='clang++ -E'
CXXDEPMODE='depmode=gcc3'
CXXFLAGS='-O2 -std=c++11 -stdlib=libc++ -g'
CYGPATH_W='echo'
DDDMP_FALSE='#'
DDDMP_TRUE=''
DEFS='-DHAVE_CONFIG_H'
DEPDIR='.deps'
DLLTOOL='false'
DOXYGEN=''
DSYMUTIL='dsymutil'
DUMPBIN=''
ECHO_C='\c'
ECHO_N=''
ECHO_T=''
EGREP='/usr/bin/grep -E'
ETAGS='etags'
EXEEXT=''
FGREP='/usr/bin/grep -F'
GREP='/usr/bin/grep'
HAVE_DOXYGEN_FALSE=''
HAVE_DOXYGEN_TRUE='#'
HAVE_PDFLATEX_FALSE='#'
HAVE_PDFLATEX_TRUE=''
HAVE_PTHREADS_FALSE='#'
HAVE_PTHREADS_TRUE=''
INSTALL_DATA='${INSTALL} -m 644'
INSTALL_PROGRAM='${INSTALL}'
INSTALL_SCRIPT='${INSTALL}'
INSTALL_STRIP_PROGRAM='$(install_sh) -c -s'
LD='/Applications/Xcode.app/Contents/Developer/Toolchains/XcodeDefault.xctoolchain/usr/bin/ld'
LDFLAGS=''
LIBOBJS=''
LIBS=''
LIBTOOL='$(SHELL) $(top_builddir)/libtool'
LIPO='lipo'
LN_S='ln -s'
LTLIBOBJS=''
LT_SYS_LIBRARY_PATH=''
MAKEINDEX='makeindex'
MAKEINFO='${SHELL} '\''/Users/david/Downloads/artifacts/code/cudd-3.0.0/build-aux/missing'\'' makeinfo'
MANIFEST_TOOL=':'
MINGW64_FALSE=''
MINGW64_TRUE='#'
MKDIR_P='/opt/local/bin/gmkdir -p'
NM='/usr/bin/nm -B'
NMEDIT='nmedit'
OBJDUMP='objdump'
OBJEXT='o'
OBJ_FALSE='#'
OBJ_TRUE=''
OTOOL64=':'
OTOOL='otool'
PACKAGE='cudd'
PACKAGE_BUGREPORT='Fabio@Colorado.EDU'
PACKAGE_NAME='cudd'
PACKAGE_STRING='cudd 3.0.0'
PACKAGE_TARNAME='cudd'
PACKAGE_URL=''
PACKAGE_VERSION='3.0.0'
PATH_SEPARATOR=':'
PDFLATEX='pdflatex'
RANLIB='ranlib'
SED='/usr/bin/sed'
SET_MAKE=''
SHELL='/bin/sh'
STRIP='strip'
VERSION='3.0.0'
ac_ct_AR='ar'
ac_ct_CC='clang'
ac_ct_CXX=''
ac_ct_DUMPBIN=''
am__EXEEXT_FALSE=''
am__EXEEXT_TRUE='#'
am__fastdepCC_FALSE='#'
am__fastdepCC_TRUE=''
am__fastdepCXX_FALSE='#'
am__fastdepCXX_TRUE=''
am__include='include'
am__isrc=''
am__leading_dot='.'
am__nodep='_no'
am__quote=''
am__tar='$${TAR-tar} chof - "$$tardir"'
am__untar='$${TAR-tar} xf -'
bindir='${exec_prefix}/bin'
build='x86_64-apple-darwin21.6.0'
build_alias=''
build_cpu='x86_64'
build_os='darwin21.6.0'
build_vendor='apple'
datadir='${datarootdir}'
datarootdir='${prefix}/share'
docdir='${datarootdir}/doc/${PACKAGE_TARNAME}'
dvidir='${docdir}'
exec_prefix='${prefix}'
host='x86_64-apple-darwin21.6.0'
host_alias=''
host_cpu='x86_64'
host_os='darwin21.6.0'
host_vendor='apple'
htmldir='${docdir}'
includedir='/Users/david/Downloads/artifacts/code/cudd-3.0.0/../include'
infodir='${datarootdir}/info'
install_sh='${SHELL} /Users/david/Downloads/artifacts/code/cudd-3.0.0/build-aux/install-sh'
libdir='/Users/david/Downloads/artifacts/code/cudd-3.0.0/../lib'
libexecdir='${exec_prefix}/libexec'
localedir='${datarootdir}/locale'
localstatedir='${prefix}/var'
mandir='${datarootdir}/man'
mkdir_p='$(MKDIR_P)'
oldincludedir='/usr/include'
pdfdir='${docdir}'
prefix='/usr/local'
program_transform_name='s,x,x,'
psdir='${docdir}'
runstatedir='${localstatedir}/run'
sbindir='${exec_prefix}/sbin'
sharedstatedir='${prefix}/com'
sysconfdir='${prefix}/etc'
target_alias=''

## ----------- ##
## confdefs.h. ##
## ----------- ##

/* confdefs.h */
#define PACKAGE_NAME "cudd"
#define PACKAGE_TARNAME "cudd"
#define PACKAGE_VERSION "3.0.0"
#define PACKAGE_STRING "cudd 3.0.0"
#define PACKAGE_BUGREPORT "Fabio@Colorado.EDU"
#define PACKAGE_URL ""
#define PACKAGE "cudd"
#define VERSION "3.0.0"
#define HAVE_STDIO_H 1
#define HAVE_STDLIB_H 1
#define HAVE_STRING_H 1
#define HAVE_INTTYPES_H 1
#define HAVE_STDINT_H 1
#define HAVE_STRINGS_H 1
#define HAVE_SYS_STAT_H 1
#define HAVE_SYS_TYPES_H 1
#define HAVE_UNISTD_H 1
#define STDC_HEADERS 1
#define HAVE_DLFCN_H 1
#define LT_OBJDIR ".libs/"
#define HAVE_FLOAT_H 1
#define HAVE_INTTYPES_H 1
#define HAVE_LIMITS_H 1
#define HAVE_STDDEF_H 1
#define HAVE_STDLIB_H 1
#define HAVE_STRING_H 1
#define HAVE_ASSERT_H 1
#define HAVE_MATH_H 1
#define HAVE_UNISTD_H 1
#define HAVE_SYS_TIME_H 1
#define HAVE_SYS_TIMES_H 1
#define HAVE_SYS_RESOURCE_H 1
#define HAVE_SYS_WAIT_H 1
#define HAVE_WORKING_THREAD 1
#define HAVE__BOOL 1
#define HAVE_PTRDIFF_T 1
#define SIZEOF_INT 4
#define SIZEOF_LONG 8
#define SIZEOF_VOID_P 8
#define SIZEOF_LONG_DOUBLE 16
#define HAVE_MODERN_CXX 1
#define HAVE_POW 1
#define HAVE_SQRT 1
#define HAVE_STRCHR 1
#define HAVE_STRSTR 1
#define HAVE_POWL 1
#define HAVE_GETHOSTNAME 1
#define HAVE_GETRLIMIT 1
#define HAVE_GETRUSAGE 1
#define HAVE_SYSCONF 1
#define HAVE_IEEE_754 1

configure: exit 0

## ---------------------- ##
## Running config.status. ##
## ---------------------- ##

This file was extended by cudd config.status 3.0.0, which was
generated by GNU Autoconf 2.71.  Invocation command line was

  CONFIG_FILES    = 
  CONFIG_HEADERS  = 
  CONFIG_LINKS    = 
  CONFIG_COMMANDS = 
  $ ./config.status 

on MBP-de-David.home

config.status:1198: creating doc/cudd.tex
config.status:1198: creating Makefile
config.status:1198: creating dddmp/exp/test1.sh
config.status:1198: creating dddmp/exp/test2.sh
config.status:1198: creating dddmp/exp/test3.sh
config.status:1198: creating dddmp/exp/test4.sh
config.status:1198: creating dddmp/exp/test5.sh
config.status:1198: creating dddmp/exp/test6.sh
config.status:1198: creating dddmp/exp/test7.sh
config.status:1198: creating config.h
config.status:1379: config.h is unchanged
config.status:1427: executing depfiles commands
config.status:1504: cd .       && sed -e '/# am--include-marker/d' Makefile         | make -f - am--depfiles
make[2]: Entering directory '/Users/david/Downloads/artifacts/code/cudd-3.0.0'
make[2]: Nothing to be done for 'am--depfiles'.
make[2]: Leaving directory '/Users/david/Downloads/artifacts/code/cudd-3.0.0'
config.status:1509: $? = 0
config.status:1427: executing libtool commands
